2020-05-08 22:20:11 [scrapy.utils.log] INFO: Scrapy 2.1.0 started (bot: transactionspider)
2020-05-08 22:20:11 [scrapy.utils.log] INFO: Versions: lxml 4.5.0.0, libxml2 2.9.5, cssselect 1.1.0, parsel 1.5.2, w3lib 1.21.0, Twisted 20.3.0, Python 3.7.7 (tags/v3.7.7:d7c567b08f, Mar 10 2020, 10:41:24) [MSC v.1900 64 bit (AMD64)], pyOpenSSL 19.1.0 (OpenSSL 1.1.1g  21 Apr 2020), cryptography 2.9.2, Platform Windows-10-10.0.18362-SP0
2020-05-08 22:20:11 [scrapy.crawler] INFO: Overridden settings:
{'BOT_NAME': 'transactionspider',
 'COOKIES_ENABLED': False,
 'DOWNLOAD_TIMEOUT': 15,
 'LOG_FILE': 'transactionspider/log/scrapy_2020_5_8.log',
 'LOG_LEVEL': 'INFO',
 'NEWSPIDER_MODULE': 'transactionspider.spiders',
 'SPIDER_MODULES': ['transactionspider.spiders']}
2020-05-08 22:20:11 [scrapy.extensions.telnet] INFO: Telnet Password: b8b1e9052a62063b
2020-05-08 22:20:11 [scrapy.middleware] INFO: Enabled extensions:
['scrapy.extensions.corestats.CoreStats',
 'scrapy.extensions.telnet.TelnetConsole',
 'scrapy.extensions.logstats.LogStats']
2020-05-08 22:20:11 [scrapy.middleware] INFO: Enabled downloader middlewares:
['scrapy.downloadermiddlewares.httpauth.HttpAuthMiddleware',
 'scrapy.downloadermiddlewares.downloadtimeout.DownloadTimeoutMiddleware',
 'scrapy.downloadermiddlewares.defaultheaders.DefaultHeadersMiddleware',
 'scrapy.downloadermiddlewares.useragent.UserAgentMiddleware',
 'transactionspider.middlewares.TransactionspiderDownloaderMiddleware',
 'scrapy.downloadermiddlewares.retry.RetryMiddleware',
 'scrapy.downloadermiddlewares.redirect.MetaRefreshMiddleware',
 'scrapy.downloadermiddlewares.httpcompression.HttpCompressionMiddleware',
 'scrapy.downloadermiddlewares.redirect.RedirectMiddleware',
 'scrapy.downloadermiddlewares.httpproxy.HttpProxyMiddleware',
 'scrapy.downloadermiddlewares.stats.DownloaderStats']
2020-05-08 22:20:11 [scrapy.middleware] INFO: Enabled spider middlewares:
['scrapy.spidermiddlewares.httperror.HttpErrorMiddleware',
 'scrapy.spidermiddlewares.offsite.OffsiteMiddleware',
 'scrapy.spidermiddlewares.referer.RefererMiddleware',
 'scrapy.spidermiddlewares.urllength.UrlLengthMiddleware',
 'scrapy.spidermiddlewares.depth.DepthMiddleware']
2020-05-08 22:20:11 [scrapy.middleware] INFO: Enabled item pipelines:
['transactionspider.pipelines.TransactionspiderPipeline']
2020-05-08 22:20:11 [scrapy.core.engine] INFO: Spider opened
2020-05-08 22:20:11 [scrapy.extensions.logstats] INFO: Crawled 0 pages (at 0 pages/min), scraped 0 items (at 0 items/min)
2020-05-08 22:20:11 [transaction_bj] INFO: Spider opened: transaction_bj
2020-05-08 22:20:11 [scrapy.extensions.telnet] INFO: Telnet console listening on 127.0.0.1:6023
2020-05-08 22:20:13 [scrapy.core.scraper] ERROR: Error downloading <GET https://bj.lianjia.com/chengjiao/rs%E9%A2%96%E6%B3%BD%E6%B4%B2%E7%A4%BE%E5%8C%BA/>
Traceback (most recent call last):
  File "h:\environments\python37\lib\site-packages\twisted\internet\defer.py", line 1416, in _inlineCallbacks
    result = result.throwExceptionIntoGenerator(g)
  File "h:\environments\python37\lib\site-packages\twisted\python\failure.py", line 512, in throwExceptionIntoGenerator
    return g.throw(self.type, self.value, self.tb)
  File "h:\environments\python37\lib\site-packages\scrapy\core\downloader\middleware.py", line 44, in process_request
    return (yield download_func(request=request, spider=spider))
  File "h:\environments\python37\lib\site-packages\scrapy\utils\defer.py", line 55, in mustbe_deferred
    result = f(*args, **kw)
  File "h:\environments\python37\lib\site-packages\scrapy\core\downloader\handlers\__init__.py", line 76, in download_request
    return handler.download_request(request, spider)
  File "h:\environments\python37\lib\site-packages\scrapy\core\downloader\handlers\http11.py", line 83, in download_request
    return agent.download_request(request)
  File "h:\environments\python37\lib\site-packages\scrapy\core\downloader\handlers\http11.py", line 335, in download_request
    agent = self._get_agent(request, timeout)
  File "h:\environments\python37\lib\site-packages\scrapy\core\downloader\handlers\http11.py", line 294, in _get_agent
    _, _, proxyHost, proxyPort, proxyParams = _parse(proxy)
  File "h:\environments\python37\lib\site-packages\scrapy\core\downloader\webclient.py", line 36, in _parse
    return _parsed_url_args(parsed)
  File "h:\environments\python37\lib\site-packages\scrapy\core\downloader\webclient.py", line 20, in _parsed_url_args
    port = parsed.port
  File "h:\environments\python37\lib\urllib\parse.py", line 169, in port
    port = int(port, 10)
ValueError: invalid literal for int() with base 10: '875458.218.200.223'
2020-05-08 22:20:25 [scrapy.core.scraper] ERROR: Error downloading <GET https://bj.lianjia.com/chengjiao/pg6rs%E9%87%91%E8%BE%BE%E5%9B%AD/>
Traceback (most recent call last):
  File "h:\environments\python37\lib\site-packages\twisted\internet\defer.py", line 1416, in _inlineCallbacks
    result = result.throwExceptionIntoGenerator(g)
  File "h:\environments\python37\lib\site-packages\twisted\python\failure.py", line 512, in throwExceptionIntoGenerator
    return g.throw(self.type, self.value, self.tb)
  File "h:\environments\python37\lib\site-packages\scrapy\core\downloader\middleware.py", line 44, in process_request
    return (yield download_func(request=request, spider=spider))
  File "h:\environments\python37\lib\site-packages\scrapy\utils\defer.py", line 55, in mustbe_deferred
    result = f(*args, **kw)
  File "h:\environments\python37\lib\site-packages\scrapy\core\downloader\handlers\__init__.py", line 76, in download_request
    return handler.download_request(request, spider)
  File "h:\environments\python37\lib\site-packages\scrapy\core\downloader\handlers\http11.py", line 83, in download_request
    return agent.download_request(request)
  File "h:\environments\python37\lib\site-packages\scrapy\core\downloader\handlers\http11.py", line 335, in download_request
    agent = self._get_agent(request, timeout)
  File "h:\environments\python37\lib\site-packages\scrapy\core\downloader\handlers\http11.py", line 294, in _get_agent
    _, _, proxyHost, proxyPort, proxyParams = _parse(proxy)
  File "h:\environments\python37\lib\site-packages\scrapy\core\downloader\webclient.py", line 36, in _parse
    return _parsed_url_args(parsed)
  File "h:\environments\python37\lib\site-packages\scrapy\core\downloader\webclient.py", line 20, in _parsed_url_args
    port = parsed.port
  File "h:\environments\python37\lib\urllib\parse.py", line 169, in port
    port = int(port, 10)
ValueError: invalid literal for int() with base 10: '875458.218.200.223'
2020-05-08 22:20:26 [scrapy.core.scraper] ERROR: Error downloading <GET https://bj.lianjia.com/chengjiao/101100481586.html>
Traceback (most recent call last):
  File "h:\environments\python37\lib\site-packages\twisted\internet\defer.py", line 1416, in _inlineCallbacks
    result = result.throwExceptionIntoGenerator(g)
  File "h:\environments\python37\lib\site-packages\twisted\python\failure.py", line 512, in throwExceptionIntoGenerator
    return g.throw(self.type, self.value, self.tb)
  File "h:\environments\python37\lib\site-packages\scrapy\core\downloader\middleware.py", line 44, in process_request
    return (yield download_func(request=request, spider=spider))
  File "h:\environments\python37\lib\site-packages\scrapy\utils\defer.py", line 55, in mustbe_deferred
    result = f(*args, **kw)
  File "h:\environments\python37\lib\site-packages\scrapy\core\downloader\handlers\__init__.py", line 76, in download_request
    return handler.download_request(request, spider)
  File "h:\environments\python37\lib\site-packages\scrapy\core\downloader\handlers\http11.py", line 83, in download_request
    return agent.download_request(request)
  File "h:\environments\python37\lib\site-packages\scrapy\core\downloader\handlers\http11.py", line 335, in download_request
    agent = self._get_agent(request, timeout)
  File "h:\environments\python37\lib\site-packages\scrapy\core\downloader\handlers\http11.py", line 294, in _get_agent
    _, _, proxyHost, proxyPort, proxyParams = _parse(proxy)
  File "h:\environments\python37\lib\site-packages\scrapy\core\downloader\webclient.py", line 36, in _parse
    return _parsed_url_args(parsed)
  File "h:\environments\python37\lib\site-packages\scrapy\core\downloader\webclient.py", line 20, in _parsed_url_args
    port = parsed.port
  File "h:\environments\python37\lib\urllib\parse.py", line 169, in port
    port = int(port, 10)
ValueError: invalid literal for int() with base 10: '875458.218.200.223'
2020-05-08 22:20:47 [scrapy.crawler] INFO: Received SIGINT, shutting down gracefully. Send again to force 
2020-05-08 22:20:47 [scrapy.core.engine] INFO: Closing spider (shutdown)
2020-05-08 22:20:48 [scrapy.crawler] INFO: Received SIGINT twice, forcing unclean shutdown
2020-05-08 22:20:48 [scrapy.core.downloader.handlers.http11] WARNING: Got data loss in https://bj.lianjia.com/chengjiao/BJHD02189024.html. If you want to process broken responses set the setting DOWNLOAD_FAIL_ON_DATALOSS = False -- This message won't be shown in further requests
2020-05-08 22:20:48 [scrapy.core.downloader.handlers.http11] WARNING: Got data loss in https://bj.lianjia.com/chengjiao/BJHD85672133.html. If you want to process broken responses set the setting DOWNLOAD_FAIL_ON_DATALOSS = False -- This message won't be shown in further requests
2020-05-08 22:20:48 [scrapy.core.downloader.handlers.http11] WARNING: Got data loss in https://bj.lianjia.com/chengjiao/BJHD84326605.html. If you want to process broken responses set the setting DOWNLOAD_FAIL_ON_DATALOSS = False -- This message won't be shown in further requests
2020-05-08 22:21:11 [scrapy.utils.log] INFO: Scrapy 2.1.0 started (bot: transactionspider)
2020-05-08 22:21:11 [scrapy.utils.log] INFO: Versions: lxml 4.5.0.0, libxml2 2.9.5, cssselect 1.1.0, parsel 1.5.2, w3lib 1.21.0, Twisted 20.3.0, Python 3.7.7 (tags/v3.7.7:d7c567b08f, Mar 10 2020, 10:41:24) [MSC v.1900 64 bit (AMD64)], pyOpenSSL 19.1.0 (OpenSSL 1.1.1g  21 Apr 2020), cryptography 2.9.2, Platform Windows-10-10.0.18362-SP0
2020-05-08 22:21:11 [scrapy.crawler] INFO: Overridden settings:
{'BOT_NAME': 'transactionspider',
 'COOKIES_ENABLED': False,
 'DOWNLOAD_TIMEOUT': 15,
 'LOG_FILE': 'transactionspider/log/scrapy_2020_5_8.log',
 'LOG_LEVEL': 'INFO',
 'NEWSPIDER_MODULE': 'transactionspider.spiders',
 'SPIDER_MODULES': ['transactionspider.spiders']}
2020-05-08 22:21:11 [scrapy.extensions.telnet] INFO: Telnet Password: 384f826eb68c6422
2020-05-08 22:21:11 [scrapy.middleware] INFO: Enabled extensions:
['scrapy.extensions.corestats.CoreStats',
 'scrapy.extensions.telnet.TelnetConsole',
 'scrapy.extensions.logstats.LogStats']
2020-05-08 22:21:11 [scrapy.middleware] INFO: Enabled downloader middlewares:
['scrapy.downloadermiddlewares.httpauth.HttpAuthMiddleware',
 'scrapy.downloadermiddlewares.downloadtimeout.DownloadTimeoutMiddleware',
 'scrapy.downloadermiddlewares.defaultheaders.DefaultHeadersMiddleware',
 'scrapy.downloadermiddlewares.useragent.UserAgentMiddleware',
 'transactionspider.middlewares.TransactionspiderDownloaderMiddleware',
 'scrapy.downloadermiddlewares.retry.RetryMiddleware',
 'scrapy.downloadermiddlewares.redirect.MetaRefreshMiddleware',
 'scrapy.downloadermiddlewares.httpcompression.HttpCompressionMiddleware',
 'scrapy.downloadermiddlewares.redirect.RedirectMiddleware',
 'scrapy.downloadermiddlewares.httpproxy.HttpProxyMiddleware',
 'scrapy.downloadermiddlewares.stats.DownloaderStats']
2020-05-08 22:21:11 [scrapy.middleware] INFO: Enabled spider middlewares:
['scrapy.spidermiddlewares.httperror.HttpErrorMiddleware',
 'scrapy.spidermiddlewares.offsite.OffsiteMiddleware',
 'scrapy.spidermiddlewares.referer.RefererMiddleware',
 'scrapy.spidermiddlewares.urllength.UrlLengthMiddleware',
 'scrapy.spidermiddlewares.depth.DepthMiddleware']
2020-05-08 22:21:11 [scrapy.middleware] INFO: Enabled item pipelines:
['transactionspider.pipelines.TransactionspiderPipeline']
2020-05-08 22:21:11 [scrapy.core.engine] INFO: Spider opened
2020-05-08 22:21:11 [scrapy.extensions.logstats] INFO: Crawled 0 pages (at 0 pages/min), scraped 0 items (at 0 items/min)
2020-05-08 22:21:11 [transaction_bj] INFO: Spider opened: transaction_bj
2020-05-08 22:21:11 [scrapy.extensions.telnet] INFO: Telnet console listening on 127.0.0.1:6023
2020-05-08 22:22:11 [scrapy.extensions.logstats] INFO: Crawled 157 pages (at 157 pages/min), scraped 114 items (at 114 items/min)
2020-05-08 22:23:11 [scrapy.extensions.logstats] INFO: Crawled 370 pages (at 213 pages/min), scraped 315 items (at 201 items/min)
2020-05-08 22:24:11 [scrapy.extensions.logstats] INFO: Crawled 527 pages (at 157 pages/min), scraped 472 items (at 157 items/min)
2020-05-08 22:25:11 [scrapy.extensions.logstats] INFO: Crawled 652 pages (at 125 pages/min), scraped 596 items (at 124 items/min)
2020-05-08 22:26:11 [scrapy.extensions.logstats] INFO: Crawled 736 pages (at 84 pages/min), scraped 672 items (at 76 items/min)
2020-05-08 22:27:11 [scrapy.extensions.logstats] INFO: Crawled 851 pages (at 115 pages/min), scraped 786 items (at 114 items/min)
2020-05-08 22:28:11 [scrapy.extensions.logstats] INFO: Crawled 1069 pages (at 218 pages/min), scraped 1002 items (at 216 items/min)
2020-05-08 22:29:11 [scrapy.extensions.logstats] INFO: Crawled 1219 pages (at 150 pages/min), scraped 1148 items (at 146 items/min)
2020-05-08 22:30:11 [scrapy.extensions.logstats] INFO: Crawled 1373 pages (at 154 pages/min), scraped 1298 items (at 150 items/min)
2020-05-08 22:31:11 [scrapy.extensions.logstats] INFO: Crawled 1524 pages (at 151 pages/min), scraped 1440 items (at 142 items/min)
2020-05-08 22:32:11 [scrapy.extensions.logstats] INFO: Crawled 1678 pages (at 154 pages/min), scraped 1574 items (at 134 items/min)
2020-05-08 22:33:11 [scrapy.extensions.logstats] INFO: Crawled 1843 pages (at 165 pages/min), scraped 1738 items (at 164 items/min)
2020-05-08 22:34:11 [scrapy.extensions.logstats] INFO: Crawled 2003 pages (at 160 pages/min), scraped 1883 items (at 145 items/min)
2020-05-08 22:35:11 [scrapy.extensions.logstats] INFO: Crawled 2118 pages (at 115 pages/min), scraped 2002 items (at 119 items/min)
2020-05-08 22:36:11 [scrapy.extensions.logstats] INFO: Crawled 2273 pages (at 155 pages/min), scraped 2153 items (at 151 items/min)
2020-05-08 22:37:11 [scrapy.extensions.logstats] INFO: Crawled 2442 pages (at 169 pages/min), scraped 2317 items (at 164 items/min)
2020-05-08 22:38:11 [scrapy.extensions.logstats] INFO: Crawled 2639 pages (at 197 pages/min), scraped 2508 items (at 191 items/min)
2020-05-08 22:39:11 [scrapy.extensions.logstats] INFO: Crawled 2899 pages (at 260 pages/min), scraped 2762 items (at 254 items/min)
2020-05-08 22:40:11 [scrapy.extensions.logstats] INFO: Crawled 3095 pages (at 196 pages/min), scraped 2946 items (at 184 items/min)
2020-05-08 22:41:11 [scrapy.extensions.logstats] INFO: Crawled 3292 pages (at 197 pages/min), scraped 3136 items (at 190 items/min)
2020-05-08 22:42:11 [scrapy.extensions.logstats] INFO: Crawled 3582 pages (at 290 pages/min), scraped 3400 items (at 264 items/min)
2020-05-08 22:43:11 [scrapy.extensions.logstats] INFO: Crawled 3833 pages (at 251 pages/min), scraped 3650 items (at 250 items/min)
2020-05-08 22:44:11 [scrapy.extensions.logstats] INFO: Crawled 4066 pages (at 233 pages/min), scraped 3869 items (at 219 items/min)
2020-05-08 22:45:11 [scrapy.extensions.logstats] INFO: Crawled 4227 pages (at 161 pages/min), scraped 4021 items (at 152 items/min)
2020-05-08 22:46:11 [scrapy.extensions.logstats] INFO: Crawled 4426 pages (at 199 pages/min), scraped 4213 items (at 192 items/min)
2020-05-08 22:47:11 [scrapy.extensions.logstats] INFO: Crawled 4639 pages (at 213 pages/min), scraped 4404 items (at 191 items/min)
2020-05-08 22:48:11 [scrapy.extensions.logstats] INFO: Crawled 4878 pages (at 239 pages/min), scraped 4638 items (at 234 items/min)
2020-05-08 22:49:11 [scrapy.extensions.logstats] INFO: Crawled 5057 pages (at 179 pages/min), scraped 4812 items (at 174 items/min)
2020-05-08 22:50:11 [scrapy.extensions.logstats] INFO: Crawled 5264 pages (at 207 pages/min), scraped 5016 items (at 204 items/min)
2020-05-08 22:51:11 [scrapy.extensions.logstats] INFO: Crawled 5485 pages (at 221 pages/min), scraped 5232 items (at 216 items/min)
2020-05-08 22:52:11 [scrapy.extensions.logstats] INFO: Crawled 5716 pages (at 231 pages/min), scraped 5456 items (at 224 items/min)
2020-05-08 22:53:11 [scrapy.extensions.logstats] INFO: Crawled 5880 pages (at 164 pages/min), scraped 5593 items (at 137 items/min)
2020-05-08 22:54:11 [scrapy.extensions.logstats] INFO: Crawled 6045 pages (at 165 pages/min), scraped 5756 items (at 163 items/min)
2020-05-08 22:55:11 [scrapy.extensions.logstats] INFO: Crawled 6218 pages (at 173 pages/min), scraped 5926 items (at 170 items/min)
2020-05-08 22:56:11 [scrapy.extensions.logstats] INFO: Crawled 6400 pages (at 182 pages/min), scraped 6105 items (at 179 items/min)
2020-05-08 22:57:11 [scrapy.extensions.logstats] INFO: Crawled 6566 pages (at 166 pages/min), scraped 6257 items (at 152 items/min)
2020-05-08 22:58:11 [scrapy.extensions.logstats] INFO: Crawled 6772 pages (at 206 pages/min), scraped 6449 items (at 192 items/min)
2020-05-08 22:59:11 [scrapy.extensions.logstats] INFO: Crawled 7017 pages (at 245 pages/min), scraped 6680 items (at 231 items/min)
2020-05-08 23:00:11 [scrapy.extensions.logstats] INFO: Crawled 7287 pages (at 270 pages/min), scraped 6947 items (at 267 items/min)
2020-05-08 23:01:11 [scrapy.extensions.logstats] INFO: Crawled 7561 pages (at 274 pages/min), scraped 7215 items (at 268 items/min)
2020-05-08 23:02:11 [scrapy.extensions.logstats] INFO: Crawled 7742 pages (at 181 pages/min), scraped 7385 items (at 170 items/min)
2020-05-08 23:03:11 [scrapy.extensions.logstats] INFO: Crawled 8017 pages (at 275 pages/min), scraped 7634 items (at 249 items/min)
2020-05-08 23:04:11 [scrapy.extensions.logstats] INFO: Crawled 8247 pages (at 230 pages/min), scraped 7864 items (at 230 items/min)
2020-05-08 23:05:11 [scrapy.extensions.logstats] INFO: Crawled 8440 pages (at 193 pages/min), scraped 8046 items (at 182 items/min)
2020-05-08 23:06:11 [scrapy.extensions.logstats] INFO: Crawled 8709 pages (at 269 pages/min), scraped 8315 items (at 269 items/min)
2020-05-08 23:07:11 [scrapy.extensions.logstats] INFO: Crawled 8916 pages (at 207 pages/min), scraped 8509 items (at 194 items/min)
2020-05-08 23:08:11 [scrapy.extensions.logstats] INFO: Crawled 9227 pages (at 311 pages/min), scraped 8806 items (at 297 items/min)
2020-05-08 23:09:11 [scrapy.extensions.logstats] INFO: Crawled 9489 pages (at 262 pages/min), scraped 9068 items (at 262 items/min)
2020-05-08 23:10:11 [scrapy.extensions.logstats] INFO: Crawled 9655 pages (at 166 pages/min), scraped 9223 items (at 155 items/min)
2020-05-08 23:11:11 [scrapy.extensions.logstats] INFO: Crawled 9793 pages (at 138 pages/min), scraped 9361 items (at 138 items/min)
2020-05-08 23:12:11 [scrapy.extensions.logstats] INFO: Crawled 10038 pages (at 245 pages/min), scraped 9594 items (at 233 items/min)
2020-05-08 23:13:11 [scrapy.extensions.logstats] INFO: Crawled 10251 pages (at 213 pages/min), scraped 9794 items (at 200 items/min)
2020-05-08 23:14:11 [scrapy.extensions.logstats] INFO: Crawled 10515 pages (at 264 pages/min), scraped 10058 items (at 264 items/min)
2020-05-08 23:15:11 [scrapy.extensions.logstats] INFO: Crawled 10768 pages (at 253 pages/min), scraped 10300 items (at 242 items/min)
2020-05-08 23:16:11 [scrapy.extensions.logstats] INFO: Crawled 11031 pages (at 263 pages/min), scraped 10556 items (at 256 items/min)
2020-05-08 23:17:11 [scrapy.extensions.logstats] INFO: Crawled 11363 pages (at 332 pages/min), scraped 10882 items (at 326 items/min)
2020-05-08 23:18:11 [scrapy.extensions.logstats] INFO: Crawled 11596 pages (at 233 pages/min), scraped 11112 items (at 230 items/min)
2020-05-08 23:19:11 [scrapy.extensions.logstats] INFO: Crawled 11862 pages (at 266 pages/min), scraped 11351 items (at 239 items/min)
2020-05-08 23:20:11 [scrapy.extensions.logstats] INFO: Crawled 12120 pages (at 258 pages/min), scraped 11603 items (at 252 items/min)
2020-05-08 23:21:11 [scrapy.extensions.logstats] INFO: Crawled 12458 pages (at 338 pages/min), scraped 11931 items (at 328 items/min)
2020-05-08 23:22:11 [scrapy.extensions.logstats] INFO: Crawled 12829 pages (at 371 pages/min), scraped 12274 items (at 343 items/min)
2020-05-08 23:23:11 [scrapy.extensions.logstats] INFO: Crawled 13268 pages (at 439 pages/min), scraped 12649 items (at 375 items/min)
2020-05-08 23:24:11 [scrapy.extensions.logstats] INFO: Crawled 13673 pages (at 405 pages/min), scraped 13054 items (at 405 items/min)
2020-05-08 23:25:11 [scrapy.extensions.logstats] INFO: Crawled 14062 pages (at 389 pages/min), scraped 13411 items (at 357 items/min)
2020-05-08 23:26:11 [scrapy.extensions.logstats] INFO: Crawled 14510 pages (at 448 pages/min), scraped 13840 items (at 429 items/min)
2020-05-08 23:27:11 [scrapy.extensions.logstats] INFO: Crawled 14909 pages (at 399 pages/min), scraped 14239 items (at 399 items/min)
2020-05-08 23:28:11 [scrapy.extensions.logstats] INFO: Crawled 15160 pages (at 251 pages/min), scraped 14477 items (at 238 items/min)
2020-05-08 23:29:11 [scrapy.extensions.logstats] INFO: Crawled 15364 pages (at 204 pages/min), scraped 14680 items (at 203 items/min)
2020-05-08 23:30:11 [scrapy.extensions.logstats] INFO: Crawled 15710 pages (at 346 pages/min), scraped 14994 items (at 314 items/min)
2020-05-08 23:31:11 [scrapy.extensions.logstats] INFO: Crawled 16122 pages (at 412 pages/min), scraped 15399 items (at 405 items/min)
2020-05-08 23:32:11 [scrapy.extensions.logstats] INFO: Crawled 16449 pages (at 327 pages/min), scraped 15702 items (at 303 items/min)
2020-05-08 23:33:11 [scrapy.extensions.logstats] INFO: Crawled 16873 pages (at 424 pages/min), scraped 16101 items (at 399 items/min)
2020-05-08 23:34:11 [scrapy.extensions.logstats] INFO: Crawled 17257 pages (at 384 pages/min), scraped 16457 items (at 356 items/min)
2020-05-08 23:35:11 [scrapy.extensions.logstats] INFO: Crawled 17658 pages (at 401 pages/min), scraped 16830 items (at 373 items/min)
2020-05-08 23:36:11 [scrapy.extensions.logstats] INFO: Crawled 18054 pages (at 396 pages/min), scraped 17208 items (at 378 items/min)
2020-05-08 23:37:11 [scrapy.extensions.logstats] INFO: Crawled 18399 pages (at 345 pages/min), scraped 17522 items (at 314 items/min)
2020-05-08 23:38:11 [scrapy.extensions.logstats] INFO: Crawled 18749 pages (at 350 pages/min), scraped 17848 items (at 326 items/min)
2020-05-08 23:39:11 [scrapy.extensions.logstats] INFO: Crawled 19115 pages (at 366 pages/min), scraped 18181 items (at 333 items/min)
2020-05-08 23:40:11 [scrapy.extensions.logstats] INFO: Crawled 19553 pages (at 438 pages/min), scraped 18604 items (at 423 items/min)
2020-05-08 23:41:11 [scrapy.extensions.logstats] INFO: Crawled 19922 pages (at 369 pages/min), scraped 18966 items (at 362 items/min)
2020-05-08 23:42:11 [scrapy.extensions.logstats] INFO: Crawled 20219 pages (at 297 pages/min), scraped 19258 items (at 292 items/min)
2020-05-08 23:43:11 [scrapy.extensions.logstats] INFO: Crawled 20567 pages (at 348 pages/min), scraped 19590 items (at 332 items/min)
2020-05-08 23:44:11 [scrapy.extensions.logstats] INFO: Crawled 20919 pages (at 352 pages/min), scraped 19927 items (at 337 items/min)
2020-05-08 23:45:11 [scrapy.extensions.logstats] INFO: Crawled 21205 pages (at 286 pages/min), scraped 20211 items (at 284 items/min)
2020-05-08 23:46:11 [scrapy.extensions.logstats] INFO: Crawled 21440 pages (at 235 pages/min), scraped 20440 items (at 229 items/min)
2020-05-08 23:47:11 [scrapy.extensions.logstats] INFO: Crawled 21825 pages (at 385 pages/min), scraped 20812 items (at 372 items/min)
2020-05-08 23:48:11 [scrapy.extensions.logstats] INFO: Crawled 22163 pages (at 338 pages/min), scraped 21137 items (at 325 items/min)
2020-05-08 23:49:11 [scrapy.extensions.logstats] INFO: Crawled 22594 pages (at 431 pages/min), scraped 21538 items (at 401 items/min)
2020-05-08 23:50:11 [scrapy.extensions.logstats] INFO: Crawled 22996 pages (at 402 pages/min), scraped 21931 items (at 393 items/min)
2020-05-08 23:51:11 [scrapy.extensions.logstats] INFO: Crawled 23423 pages (at 427 pages/min), scraped 22344 items (at 413 items/min)
2020-05-08 23:52:11 [scrapy.extensions.logstats] INFO: Crawled 23682 pages (at 259 pages/min), scraped 22600 items (at 256 items/min)
2020-05-08 23:53:11 [scrapy.extensions.logstats] INFO: Crawled 23910 pages (at 228 pages/min), scraped 22821 items (at 221 items/min)
2020-05-08 23:54:11 [scrapy.extensions.logstats] INFO: Crawled 24248 pages (at 338 pages/min), scraped 23141 items (at 320 items/min)
2020-05-08 23:55:11 [scrapy.extensions.logstats] INFO: Crawled 24543 pages (at 295 pages/min), scraped 23403 items (at 262 items/min)
2020-05-08 23:56:11 [scrapy.extensions.logstats] INFO: Crawled 24906 pages (at 363 pages/min), scraped 23750 items (at 347 items/min)
2020-05-08 23:57:11 [scrapy.extensions.logstats] INFO: Crawled 25275 pages (at 369 pages/min), scraped 24118 items (at 368 items/min)
2020-05-08 23:58:11 [scrapy.extensions.logstats] INFO: Crawled 25704 pages (at 429 pages/min), scraped 24533 items (at 415 items/min)
2020-05-08 23:59:11 [scrapy.extensions.logstats] INFO: Crawled 26140 pages (at 436 pages/min), scraped 24938 items (at 405 items/min)
2020-05-09 00:00:08 [scrapy.spidermiddlewares.httperror] INFO: Ignoring response <404 https://bj.lianjia.com/chengjiao/101106598175.html>: HTTP status code is not handled or not allowed
2020-05-09 00:00:11 [scrapy.extensions.logstats] INFO: Crawled 26477 pages (at 337 pages/min), scraped 25258 items (at 320 items/min)
2020-05-09 00:01:11 [scrapy.extensions.logstats] INFO: Crawled 26840 pages (at 363 pages/min), scraped 25610 items (at 352 items/min)
2020-05-09 00:02:11 [scrapy.extensions.logstats] INFO: Crawled 27233 pages (at 393 pages/min), scraped 25977 items (at 367 items/min)
2020-05-09 00:03:11 [scrapy.extensions.logstats] INFO: Crawled 27620 pages (at 387 pages/min), scraped 26355 items (at 378 items/min)
2020-05-09 00:04:11 [scrapy.extensions.logstats] INFO: Crawled 27996 pages (at 376 pages/min), scraped 26721 items (at 366 items/min)
2020-05-09 00:05:11 [scrapy.extensions.logstats] INFO: Crawled 28333 pages (at 337 pages/min), scraped 27030 items (at 309 items/min)
2020-05-09 00:06:11 [scrapy.extensions.logstats] INFO: Crawled 28758 pages (at 425 pages/min), scraped 27433 items (at 403 items/min)
2020-05-09 00:07:11 [scrapy.extensions.logstats] INFO: Crawled 29155 pages (at 397 pages/min), scraped 27816 items (at 383 items/min)
2020-05-09 00:08:11 [scrapy.extensions.logstats] INFO: Crawled 29602 pages (at 447 pages/min), scraped 28258 items (at 442 items/min)
2020-05-09 00:09:11 [scrapy.extensions.logstats] INFO: Crawled 30041 pages (at 439 pages/min), scraped 28688 items (at 430 items/min)
2020-05-09 00:10:11 [scrapy.extensions.logstats] INFO: Crawled 30486 pages (at 445 pages/min), scraped 29109 items (at 421 items/min)
2020-05-09 00:11:11 [scrapy.extensions.logstats] INFO: Crawled 30883 pages (at 397 pages/min), scraped 29501 items (at 392 items/min)
2020-05-09 00:12:11 [scrapy.extensions.logstats] INFO: Crawled 31249 pages (at 366 pages/min), scraped 29856 items (at 355 items/min)
2020-05-09 00:13:11 [scrapy.extensions.logstats] INFO: Crawled 31534 pages (at 285 pages/min), scraped 30125 items (at 269 items/min)
2020-05-09 00:14:04 [scrapy.spidermiddlewares.httperror] INFO: Ignoring response <404 https://bj.lianjia.com/chengjiao/BJSJ87408855.html>: HTTP status code is not handled or not allowed
2020-05-09 00:14:04 [scrapy.spidermiddlewares.httperror] INFO: Ignoring response <404 https://bj.lianjia.com/chengjiao/BJSJ87655824.html>: HTTP status code is not handled or not allowed
2020-05-09 00:14:07 [scrapy.spidermiddlewares.httperror] INFO: Ignoring response <404 https://bj.lianjia.com/chengjiao/BJSJ87949516.html>: HTTP status code is not handled or not allowed
2020-05-09 00:14:11 [scrapy.extensions.logstats] INFO: Crawled 31747 pages (at 213 pages/min), scraped 30335 items (at 210 items/min)
2020-05-09 00:15:11 [scrapy.extensions.logstats] INFO: Crawled 31945 pages (at 198 pages/min), scraped 30528 items (at 193 items/min)
2020-05-09 00:16:11 [scrapy.extensions.logstats] INFO: Crawled 32144 pages (at 199 pages/min), scraped 30701 items (at 173 items/min)
2020-05-09 00:17:10 [scrapy.spidermiddlewares.httperror] INFO: Ignoring response <404 https://bj.lianjia.com/chengjiao/BJSJ84969991.html>: HTTP status code is not handled or not allowed
2020-05-09 00:17:11 [scrapy.extensions.logstats] INFO: Crawled 32341 pages (at 197 pages/min), scraped 30885 items (at 184 items/min)
2020-05-09 00:17:12 [scrapy.spidermiddlewares.httperror] INFO: Ignoring response <404 https://bj.lianjia.com/chengjiao/BJSJ84582885.html>: HTTP status code is not handled or not allowed
2020-05-09 00:17:12 [scrapy.spidermiddlewares.httperror] INFO: Ignoring response <404 https://bj.lianjia.com/chengjiao/BJSJ85333391.html>: HTTP status code is not handled or not allowed
2020-05-09 00:17:13 [scrapy.spidermiddlewares.httperror] INFO: Ignoring response <404 https://bj.lianjia.com/chengjiao/BJSJ86440003.html>: HTTP status code is not handled or not allowed
2020-05-09 00:18:11 [scrapy.extensions.logstats] INFO: Crawled 32631 pages (at 290 pages/min), scraped 31169 items (at 284 items/min)
2020-05-09 00:19:11 [scrapy.extensions.logstats] INFO: Crawled 32976 pages (at 345 pages/min), scraped 31498 items (at 329 items/min)
2020-05-09 00:20:11 [scrapy.extensions.logstats] INFO: Crawled 33301 pages (at 325 pages/min), scraped 31807 items (at 309 items/min)
2020-05-09 00:21:11 [scrapy.extensions.logstats] INFO: Crawled 33578 pages (at 277 pages/min), scraped 32081 items (at 274 items/min)
2020-05-09 00:22:11 [scrapy.extensions.logstats] INFO: Crawled 33892 pages (at 314 pages/min), scraped 32383 items (at 302 items/min)
2020-05-09 00:23:11 [scrapy.extensions.logstats] INFO: Crawled 34243 pages (at 351 pages/min), scraped 32734 items (at 351 items/min)
2020-05-09 00:24:11 [scrapy.extensions.logstats] INFO: Crawled 34566 pages (at 323 pages/min), scraped 33043 items (at 309 items/min)
2020-05-09 00:25:11 [scrapy.extensions.logstats] INFO: Crawled 34897 pages (at 331 pages/min), scraped 33373 items (at 330 items/min)
2020-05-09 00:26:11 [scrapy.extensions.logstats] INFO: Crawled 35260 pages (at 363 pages/min), scraped 33716 items (at 343 items/min)
2020-05-09 00:27:11 [scrapy.extensions.logstats] INFO: Crawled 35634 pages (at 374 pages/min), scraped 34082 items (at 366 items/min)
2020-05-09 00:28:11 [scrapy.extensions.logstats] INFO: Crawled 36003 pages (at 369 pages/min), scraped 34401 items (at 319 items/min)
2020-05-09 00:29:11 [scrapy.extensions.logstats] INFO: Crawled 36311 pages (at 308 pages/min), scraped 34708 items (at 307 items/min)
2020-05-09 00:30:11 [scrapy.extensions.logstats] INFO: Crawled 36593 pages (at 282 pages/min), scraped 34975 items (at 267 items/min)
2020-05-09 00:31:11 [scrapy.extensions.logstats] INFO: Crawled 36906 pages (at 313 pages/min), scraped 35287 items (at 312 items/min)
2020-05-09 00:32:11 [scrapy.extensions.logstats] INFO: Crawled 37184 pages (at 278 pages/min), scraped 35564 items (at 277 items/min)
2020-05-09 00:33:11 [scrapy.extensions.logstats] INFO: Crawled 37483 pages (at 299 pages/min), scraped 35842 items (at 278 items/min)
2020-05-09 00:34:11 [scrapy.extensions.logstats] INFO: Crawled 37797 pages (at 314 pages/min), scraped 36154 items (at 312 items/min)
2020-05-09 00:35:11 [scrapy.extensions.logstats] INFO: Crawled 38097 pages (at 300 pages/min), scraped 36439 items (at 285 items/min)
2020-05-09 00:36:11 [scrapy.extensions.logstats] INFO: Crawled 38413 pages (at 316 pages/min), scraped 36751 items (at 312 items/min)
2020-05-09 00:37:11 [scrapy.extensions.logstats] INFO: Crawled 38669 pages (at 256 pages/min), scraped 36998 items (at 247 items/min)
2020-05-09 00:38:11 [scrapy.extensions.logstats] INFO: Crawled 39005 pages (at 336 pages/min), scraped 37322 items (at 324 items/min)
2020-05-09 00:39:11 [scrapy.extensions.logstats] INFO: Crawled 39260 pages (at 255 pages/min), scraped 37552 items (at 230 items/min)
2020-05-09 00:40:11 [scrapy.extensions.logstats] INFO: Crawled 39480 pages (at 220 pages/min), scraped 37758 items (at 206 items/min)
2020-05-09 00:41:11 [scrapy.extensions.logstats] INFO: Crawled 39716 pages (at 236 pages/min), scraped 37957 items (at 199 items/min)
2020-05-09 00:42:11 [scrapy.extensions.logstats] INFO: Crawled 40049 pages (at 333 pages/min), scraped 38223 items (at 266 items/min)
2020-05-09 00:43:11 [scrapy.extensions.logstats] INFO: Crawled 40412 pages (at 363 pages/min), scraped 38523 items (at 300 items/min)
2020-05-09 00:44:11 [scrapy.extensions.logstats] INFO: Crawled 40732 pages (at 320 pages/min), scraped 38782 items (at 259 items/min)
2020-05-09 00:45:11 [scrapy.extensions.logstats] INFO: Crawled 41076 pages (at 344 pages/min), scraped 39061 items (at 279 items/min)
2020-05-09 00:46:11 [scrapy.extensions.logstats] INFO: Crawled 41412 pages (at 336 pages/min), scraped 39341 items (at 280 items/min)
2020-05-09 00:47:11 [scrapy.extensions.logstats] INFO: Crawled 41679 pages (at 267 pages/min), scraped 39569 items (at 228 items/min)
2020-05-09 00:48:11 [scrapy.extensions.logstats] INFO: Crawled 41937 pages (at 258 pages/min), scraped 39780 items (at 211 items/min)
2020-05-09 00:49:11 [scrapy.extensions.logstats] INFO: Crawled 42256 pages (at 319 pages/min), scraped 40062 items (at 282 items/min)
2020-05-09 00:50:11 [scrapy.extensions.logstats] INFO: Crawled 42658 pages (at 402 pages/min), scraped 40403 items (at 341 items/min)
2020-05-09 00:51:11 [scrapy.extensions.logstats] INFO: Crawled 43012 pages (at 354 pages/min), scraped 40721 items (at 318 items/min)
2020-05-09 00:52:11 [scrapy.extensions.logstats] INFO: Crawled 43368 pages (at 356 pages/min), scraped 40994 items (at 273 items/min)
2020-05-09 00:53:11 [scrapy.extensions.logstats] INFO: Crawled 43650 pages (at 282 pages/min), scraped 41172 items (at 178 items/min)
2020-05-09 00:54:11 [scrapy.extensions.logstats] INFO: Crawled 43928 pages (at 278 pages/min), scraped 41357 items (at 185 items/min)
2020-05-09 00:55:11 [scrapy.extensions.logstats] INFO: Crawled 44147 pages (at 219 pages/min), scraped 41503 items (at 146 items/min)
2020-05-09 00:56:11 [scrapy.extensions.logstats] INFO: Crawled 44494 pages (at 347 pages/min), scraped 41758 items (at 255 items/min)
2020-05-09 00:57:11 [scrapy.extensions.logstats] INFO: Crawled 44815 pages (at 321 pages/min), scraped 41981 items (at 223 items/min)
2020-05-09 00:58:11 [scrapy.extensions.logstats] INFO: Crawled 45032 pages (at 217 pages/min), scraped 42130 items (at 149 items/min)
2020-05-09 00:59:11 [scrapy.extensions.logstats] INFO: Crawled 45315 pages (at 283 pages/min), scraped 42331 items (at 201 items/min)
2020-05-09 01:00:11 [scrapy.extensions.logstats] INFO: Crawled 45668 pages (at 353 pages/min), scraped 42569 items (at 238 items/min)
2020-05-09 01:01:11 [scrapy.extensions.logstats] INFO: Crawled 45915 pages (at 247 pages/min), scraped 42737 items (at 168 items/min)
2020-05-09 01:02:11 [scrapy.extensions.logstats] INFO: Crawled 46219 pages (at 304 pages/min), scraped 42933 items (at 196 items/min)
2020-05-09 01:03:11 [scrapy.extensions.logstats] INFO: Crawled 46703 pages (at 484 pages/min), scraped 43196 items (at 263 items/min)
2020-05-09 01:04:11 [scrapy.extensions.logstats] INFO: Crawled 47187 pages (at 484 pages/min), scraped 43462 items (at 266 items/min)
2020-05-09 01:05:11 [scrapy.extensions.logstats] INFO: Crawled 47597 pages (at 410 pages/min), scraped 43632 items (at 170 items/min)
2020-05-09 01:06:11 [scrapy.extensions.logstats] INFO: Crawled 47892 pages (at 295 pages/min), scraped 43749 items (at 117 items/min)
2020-05-09 01:07:11 [scrapy.extensions.logstats] INFO: Crawled 48182 pages (at 290 pages/min), scraped 43841 items (at 92 items/min)
2020-05-09 01:08:11 [scrapy.extensions.logstats] INFO: Crawled 48536 pages (at 354 pages/min), scraped 43933 items (at 92 items/min)
2020-05-09 01:09:11 [scrapy.extensions.logstats] INFO: Crawled 48828 pages (at 292 pages/min), scraped 43987 items (at 54 items/min)
2020-05-09 01:10:11 [scrapy.extensions.logstats] INFO: Crawled 49160 pages (at 332 pages/min), scraped 44061 items (at 74 items/min)
2020-05-09 01:11:11 [scrapy.extensions.logstats] INFO: Crawled 49342 pages (at 182 pages/min), scraped 44101 items (at 40 items/min)
2020-05-09 01:12:11 [scrapy.extensions.logstats] INFO: Crawled 49606 pages (at 264 pages/min), scraped 44180 items (at 79 items/min)
2020-05-09 01:13:11 [scrapy.extensions.logstats] INFO: Crawled 49822 pages (at 216 pages/min), scraped 44245 items (at 65 items/min)
2020-05-09 01:14:11 [scrapy.extensions.logstats] INFO: Crawled 50150 pages (at 328 pages/min), scraped 44373 items (at 128 items/min)
2020-05-09 01:15:11 [scrapy.extensions.logstats] INFO: Crawled 50442 pages (at 292 pages/min), scraped 44525 items (at 152 items/min)
2020-05-09 01:16:11 [scrapy.extensions.logstats] INFO: Crawled 50852 pages (at 410 pages/min), scraped 44749 items (at 224 items/min)
2020-05-09 01:17:11 [scrapy.extensions.logstats] INFO: Crawled 51280 pages (at 428 pages/min), scraped 44931 items (at 182 items/min)
2020-05-09 01:18:11 [scrapy.extensions.logstats] INFO: Crawled 51736 pages (at 456 pages/min), scraped 45128 items (at 197 items/min)
2020-05-09 01:19:11 [scrapy.extensions.logstats] INFO: Crawled 52236 pages (at 500 pages/min), scraped 45313 items (at 185 items/min)
2020-05-09 01:20:11 [scrapy.extensions.logstats] INFO: Crawled 52792 pages (at 556 pages/min), scraped 45468 items (at 155 items/min)
2020-05-09 01:21:11 [scrapy.extensions.logstats] INFO: Crawled 53331 pages (at 539 pages/min), scraped 45606 items (at 138 items/min)
2020-05-09 01:22:11 [scrapy.extensions.logstats] INFO: Crawled 53774 pages (at 443 pages/min), scraped 45736 items (at 130 items/min)
2020-05-09 01:23:11 [scrapy.extensions.logstats] INFO: Crawled 54190 pages (at 416 pages/min), scraped 45874 items (at 138 items/min)
2020-05-09 01:24:11 [scrapy.extensions.logstats] INFO: Crawled 54733 pages (at 543 pages/min), scraped 46041 items (at 167 items/min)
2020-05-09 01:25:11 [scrapy.extensions.logstats] INFO: Crawled 55207 pages (at 474 pages/min), scraped 46199 items (at 158 items/min)
2020-05-09 01:26:11 [scrapy.extensions.logstats] INFO: Crawled 55657 pages (at 450 pages/min), scraped 46319 items (at 120 items/min)
2020-05-09 01:27:11 [scrapy.extensions.logstats] INFO: Crawled 56077 pages (at 420 pages/min), scraped 46428 items (at 109 items/min)
2020-05-09 01:28:11 [scrapy.extensions.logstats] INFO: Crawled 56481 pages (at 404 pages/min), scraped 46560 items (at 132 items/min)
2020-05-09 01:29:11 [scrapy.extensions.logstats] INFO: Crawled 56780 pages (at 299 pages/min), scraped 46632 items (at 72 items/min)
2020-05-09 01:30:11 [scrapy.extensions.logstats] INFO: Crawled 57159 pages (at 379 pages/min), scraped 46740 items (at 108 items/min)
2020-05-09 01:31:11 [scrapy.extensions.logstats] INFO: Crawled 57516 pages (at 357 pages/min), scraped 46871 items (at 131 items/min)
2020-05-09 01:32:11 [scrapy.extensions.logstats] INFO: Crawled 57911 pages (at 395 pages/min), scraped 47034 items (at 163 items/min)
2020-05-09 01:33:11 [scrapy.extensions.logstats] INFO: Crawled 58284 pages (at 373 pages/min), scraped 47168 items (at 134 items/min)
2020-05-09 01:34:11 [scrapy.extensions.logstats] INFO: Crawled 58610 pages (at 326 pages/min), scraped 47323 items (at 155 items/min)
2020-05-09 01:35:11 [scrapy.extensions.logstats] INFO: Crawled 59033 pages (at 423 pages/min), scraped 47538 items (at 215 items/min)
2020-05-09 01:36:11 [scrapy.extensions.logstats] INFO: Crawled 59402 pages (at 369 pages/min), scraped 47703 items (at 165 items/min)
2020-05-09 01:37:11 [scrapy.extensions.logstats] INFO: Crawled 59720 pages (at 318 pages/min), scraped 47847 items (at 144 items/min)
2020-05-09 01:38:11 [scrapy.extensions.logstats] INFO: Crawled 60037 pages (at 317 pages/min), scraped 47991 items (at 144 items/min)
2020-05-09 01:39:11 [scrapy.extensions.logstats] INFO: Crawled 60283 pages (at 246 pages/min), scraped 48156 items (at 165 items/min)
2020-05-09 01:40:11 [scrapy.extensions.logstats] INFO: Crawled 60558 pages (at 275 pages/min), scraped 48339 items (at 183 items/min)
2020-05-09 01:41:11 [scrapy.extensions.logstats] INFO: Crawled 60860 pages (at 302 pages/min), scraped 48573 items (at 234 items/min)
2020-05-09 01:42:11 [scrapy.extensions.logstats] INFO: Crawled 61154 pages (at 294 pages/min), scraped 48816 items (at 243 items/min)
2020-05-09 01:43:11 [scrapy.extensions.logstats] INFO: Crawled 61413 pages (at 259 pages/min), scraped 49036 items (at 220 items/min)
2020-05-09 01:44:11 [scrapy.extensions.logstats] INFO: Crawled 61743 pages (at 330 pages/min), scraped 49329 items (at 293 items/min)
2020-05-09 01:45:11 [scrapy.extensions.logstats] INFO: Crawled 62130 pages (at 387 pages/min), scraped 49638 items (at 309 items/min)
2020-05-09 01:46:11 [scrapy.extensions.logstats] INFO: Crawled 62505 pages (at 375 pages/min), scraped 49893 items (at 255 items/min)
2020-05-09 01:47:11 [scrapy.extensions.logstats] INFO: Crawled 62862 pages (at 357 pages/min), scraped 50087 items (at 194 items/min)
2020-05-09 01:48:11 [scrapy.extensions.logstats] INFO: Crawled 63270 pages (at 408 pages/min), scraped 50334 items (at 247 items/min)
2020-05-09 01:49:11 [scrapy.extensions.logstats] INFO: Crawled 63596 pages (at 326 pages/min), scraped 50498 items (at 164 items/min)
2020-05-09 01:50:11 [scrapy.extensions.logstats] INFO: Crawled 63903 pages (at 307 pages/min), scraped 50627 items (at 129 items/min)
2020-05-09 01:51:11 [scrapy.extensions.logstats] INFO: Crawled 64263 pages (at 360 pages/min), scraped 50851 items (at 224 items/min)
2020-05-09 01:52:11 [scrapy.extensions.logstats] INFO: Crawled 64634 pages (at 371 pages/min), scraped 51084 items (at 233 items/min)
2020-05-09 01:53:11 [scrapy.extensions.logstats] INFO: Crawled 64867 pages (at 233 pages/min), scraped 51209 items (at 125 items/min)
2020-05-09 01:54:11 [scrapy.extensions.logstats] INFO: Crawled 65158 pages (at 291 pages/min), scraped 51363 items (at 154 items/min)
2020-05-09 01:55:11 [scrapy.extensions.logstats] INFO: Crawled 65395 pages (at 237 pages/min), scraped 51511 items (at 148 items/min)
2020-05-09 01:56:11 [scrapy.extensions.logstats] INFO: Crawled 65674 pages (at 279 pages/min), scraped 51707 items (at 196 items/min)
2020-05-09 01:57:11 [scrapy.extensions.logstats] INFO: Crawled 65905 pages (at 231 pages/min), scraped 51888 items (at 181 items/min)
2020-05-09 01:58:11 [scrapy.extensions.logstats] INFO: Crawled 66089 pages (at 184 pages/min), scraped 52035 items (at 147 items/min)
2020-05-09 01:59:11 [scrapy.extensions.logstats] INFO: Crawled 66400 pages (at 311 pages/min), scraped 52310 items (at 275 items/min)
2020-05-09 02:00:11 [scrapy.extensions.logstats] INFO: Crawled 66620 pages (at 220 pages/min), scraped 52504 items (at 194 items/min)
2020-05-09 02:01:11 [scrapy.extensions.logstats] INFO: Crawled 66849 pages (at 229 pages/min), scraped 52714 items (at 210 items/min)
2020-05-09 02:02:11 [scrapy.extensions.logstats] INFO: Crawled 67018 pages (at 169 pages/min), scraped 52855 items (at 141 items/min)
2020-05-09 02:03:11 [scrapy.extensions.logstats] INFO: Crawled 67183 pages (at 165 pages/min), scraped 53011 items (at 156 items/min)
2020-05-09 02:04:11 [scrapy.extensions.logstats] INFO: Crawled 67344 pages (at 161 pages/min), scraped 53151 items (at 140 items/min)
2020-05-09 02:05:11 [scrapy.extensions.logstats] INFO: Crawled 67546 pages (at 202 pages/min), scraped 53354 items (at 203 items/min)
2020-05-09 02:06:11 [scrapy.extensions.logstats] INFO: Crawled 67740 pages (at 194 pages/min), scraped 53547 items (at 193 items/min)
2020-05-09 02:07:11 [scrapy.extensions.logstats] INFO: Crawled 67940 pages (at 200 pages/min), scraped 53736 items (at 189 items/min)
2020-05-09 02:08:11 [scrapy.extensions.logstats] INFO: Crawled 68193 pages (at 253 pages/min), scraped 53981 items (at 245 items/min)
2020-05-09 02:09:11 [scrapy.extensions.logstats] INFO: Crawled 68429 pages (at 236 pages/min), scraped 54209 items (at 228 items/min)
2020-05-09 02:10:11 [scrapy.extensions.logstats] INFO: Crawled 68612 pages (at 183 pages/min), scraped 54376 items (at 167 items/min)
2020-05-09 02:11:11 [scrapy.extensions.logstats] INFO: Crawled 68835 pages (at 223 pages/min), scraped 54600 items (at 224 items/min)
2020-05-09 02:12:11 [scrapy.extensions.logstats] INFO: Crawled 69062 pages (at 227 pages/min), scraped 54819 items (at 219 items/min)
2020-05-09 02:13:11 [scrapy.extensions.logstats] INFO: Crawled 69210 pages (at 148 pages/min), scraped 54968 items (at 149 items/min)
2020-05-09 02:14:11 [scrapy.extensions.logstats] INFO: Crawled 69399 pages (at 189 pages/min), scraped 55148 items (at 180 items/min)
2020-05-09 02:15:11 [scrapy.extensions.logstats] INFO: Crawled 69639 pages (at 240 pages/min), scraped 55355 items (at 207 items/min)
2020-05-09 02:16:11 [scrapy.extensions.logstats] INFO: Crawled 69935 pages (at 296 pages/min), scraped 55627 items (at 272 items/min)
2020-05-09 02:17:11 [scrapy.extensions.logstats] INFO: Crawled 70268 pages (at 333 pages/min), scraped 55907 items (at 280 items/min)
2020-05-09 02:18:11 [scrapy.extensions.logstats] INFO: Crawled 70580 pages (at 312 pages/min), scraped 56133 items (at 226 items/min)
2020-05-09 02:19:11 [scrapy.extensions.logstats] INFO: Crawled 70948 pages (at 368 pages/min), scraped 56431 items (at 298 items/min)
2020-05-09 02:20:11 [scrapy.extensions.logstats] INFO: Crawled 71325 pages (at 377 pages/min), scraped 56657 items (at 226 items/min)
2020-05-09 02:21:11 [scrapy.extensions.logstats] INFO: Crawled 71659 pages (at 334 pages/min), scraped 56829 items (at 172 items/min)
2020-05-09 02:22:11 [scrapy.extensions.logstats] INFO: Crawled 71885 pages (at 226 pages/min), scraped 56965 items (at 136 items/min)
2020-05-09 02:23:11 [scrapy.extensions.logstats] INFO: Crawled 72175 pages (at 290 pages/min), scraped 57146 items (at 181 items/min)
2020-05-09 02:24:11 [scrapy.extensions.logstats] INFO: Crawled 72482 pages (at 307 pages/min), scraped 57343 items (at 197 items/min)
2020-05-09 02:25:11 [scrapy.extensions.logstats] INFO: Crawled 72681 pages (at 199 pages/min), scraped 57488 items (at 145 items/min)
2020-05-09 02:26:11 [scrapy.extensions.logstats] INFO: Crawled 73021 pages (at 340 pages/min), scraped 57768 items (at 280 items/min)
2020-05-09 02:27:11 [scrapy.extensions.logstats] INFO: Crawled 73366 pages (at 345 pages/min), scraped 58071 items (at 303 items/min)
2020-05-09 02:28:11 [scrapy.extensions.logstats] INFO: Crawled 73775 pages (at 409 pages/min), scraped 58350 items (at 279 items/min)
2020-05-09 02:29:11 [scrapy.extensions.logstats] INFO: Crawled 74198 pages (at 423 pages/min), scraped 58526 items (at 176 items/min)
2020-05-09 02:30:11 [scrapy.extensions.logstats] INFO: Crawled 74711 pages (at 513 pages/min), scraped 58732 items (at 206 items/min)
2020-05-09 02:31:11 [scrapy.core.engine] INFO: Closing spider (finished)
2020-05-09 02:31:11 [scrapy.statscollectors] INFO: Dumping Scrapy stats:
{'downloader/exception_count': 926,
 'downloader/exception_type_count/twisted.internet.error.TimeoutError': 926,
 'downloader/request_bytes': 25182313,
 'downloader/request_count': 76167,
 'downloader/request_method_count/GET': 76167,
 'downloader/response_bytes': 1273980516,
 'downloader/response_count': 75241,
 'downloader/response_status_count/200': 75233,
 'downloader/response_status_count/404': 8,
 'dupefilter/filtered': 6322,
 'elapsed_time_seconds': 14999.38018,
 'finish_reason': 'finished',
 'finish_time': datetime.datetime(2020, 5, 8, 18, 31, 11, 314471),
 'httperror/response_ignored_count': 8,
 'httperror/response_ignored_status_count/404': 8,
 'item_scraped_count': 58814,
 'log_count/INFO': 268,
 'request_depth_max': 2,
 'response_received_count': 75241,
 'retry/count': 926,
 'retry/reason_count/twisted.internet.error.TimeoutError': 926,
 'scheduler/dequeued': 76167,
 'scheduler/dequeued/memory': 76167,
 'scheduler/enqueued': 76167,
 'scheduler/enqueued/memory': 76167,
 'start_time': datetime.datetime(2020, 5, 8, 14, 21, 11, 934291)}
2020-05-09 02:31:11 [scrapy.core.engine] INFO: Spider closed (finished)
